[debug] [2022-07-08T20:41:44.902Z] ----------------------------------------------------------------------
[debug] [2022-07-08T20:41:44.904Z] Command:       C:\Program Files\nodejs\node.exe C:\Users\aayus\AppData\Roaming\npm\node_modules\firebase-tools\lib\bin\firebase.js init
[debug] [2022-07-08T20:41:44.904Z] CLI Version:   11.2.1
[debug] [2022-07-08T20:41:44.904Z] Platform:      win32
[debug] [2022-07-08T20:41:44.904Z] Node Version:  v16.15.1
[debug] [2022-07-08T20:41:44.920Z] Time:          Fri Jul 08 2022 16:41:44 GMT-0400 (Eastern Daylight Saving Time)
[debug] [2022-07-08T20:41:44.921Z] ----------------------------------------------------------------------
[debug] 
[debug] [2022-07-08T20:41:44.929Z] > command requires scopes: ["email","openid","https://www.googleapis.com/auth/cloudplatformprojects.readonly","https://www.googleapis.com/auth/firebase","https://www.googleapis.com/auth/cloud-platform"]
[debug] [2022-07-08T20:41:44.929Z] > authorizing via signed-in user (aayushishah2972@gmail.com)
[info] 
     ######## #### ########  ######## ########     ###     ######  ########
     ##        ##  ##     ## ##       ##     ##  ##   ##  ##       ##
     ######    ##  ########  ######   ########  #########  ######  ######
     ##        ##  ##    ##  ##       ##     ## ##     ##       ## ##
     ##       #### ##     ## ######## ########  ##     ##  ######  ########

You're about to initialize a Firebase project in this directory:

  C:\Users\aayus\Desktop\Firebase-readapp

[info] 
=== Project Setup
[info] 
[info] First, let's associate this project directory with a Firebase project.
[info] You can create multiple project aliases by running firebase use --add, 
[info] but for now we'll just set up a default project.
[info] 
[info] i  If you want to create a project in a Google Cloud organization or folder, please use "firebase projects:create" instead, and return to this command when you've created the project. 
[debug] [2022-07-08T20:43:17.365Z] ----------------------------------------------------------------------
[debug] [2022-07-08T20:43:17.367Z] Command:       C:\Program Files\nodejs\node.exe C:\Users\aayus\AppData\Roaming\npm\node_modules\firebase-tools\lib\bin\firebase.js init
[debug] [2022-07-08T20:43:17.368Z] CLI Version:   11.2.1
[debug] [2022-07-08T20:43:17.368Z] Platform:      win32
[debug] [2022-07-08T20:43:17.368Z] Node Version:  v16.15.1
[debug] [2022-07-08T20:43:17.369Z] Time:          Fri Jul 08 2022 16:43:17 GMT-0400 (Eastern Daylight Saving Time)
[debug] [2022-07-08T20:43:17.369Z] ----------------------------------------------------------------------
[debug] 
[debug] [2022-07-08T20:43:17.376Z] > command requires scopes: ["email","openid","https://www.googleapis.com/auth/cloudplatformprojects.readonly","https://www.googleapis.com/auth/firebase","https://www.googleapis.com/auth/cloud-platform"]
[debug] [2022-07-08T20:43:17.376Z] > authorizing via signed-in user (aayushishah2972@gmail.com)
[info] 
     ######## #### ########  ######## ########     ###     ######  ########
     ##        ##  ##     ## ##       ##     ##  ##   ##  ##       ##
     ######    ##  ########  ######   ########  #########  ######  ######
     ##        ##  ##    ##  ##       ##     ## ##     ##       ## ##
     ##       #### ##     ## ######## ########  ##     ##  ######  ########

You're about to initialize a Firebase project in this directory:

  C:\Users\aayus\Desktop\Firebase-readapp

[info] 
=== Project Setup
[info] 
[info] First, let's associate this project directory with a Firebase project.
[info] You can create multiple project aliases by running firebase use --add, 
[info] but for now we'll just set up a default project.
[info] 
[debug] [2022-07-08T20:43:34.257Z] > refreshing access token with scopes: []
[debug] [2022-07-08T20:43:34.259Z] >>> [apiv2][query] POST https://www.googleapis.com/oauth2/v3/token [none]
[debug] [2022-07-08T20:43:34.259Z] >>> [apiv2][body] POST https://www.googleapis.com/oauth2/v3/token [omitted]
[debug] [2022-07-08T20:43:34.477Z] <<< [apiv2][status] POST https://www.googleapis.com/oauth2/v3/token 200
[debug] [2022-07-08T20:43:34.478Z] <<< [apiv2][body] POST https://www.googleapis.com/oauth2/v3/token [omitted]
[debug] [2022-07-08T20:43:34.504Z] >>> [apiv2][query] GET https://firebase.googleapis.com/v1beta1/projects pageSize=100
[debug] [2022-07-08T20:43:34.855Z] <<< [apiv2][status] GET https://firebase.googleapis.com/v1beta1/projects 200
[debug] [2022-07-08T20:43:34.855Z] <<< [apiv2][body] GET https://firebase.googleapis.com/v1beta1/projects [omitted]
[info] i  Using project todo-app-d5f48 (todo-app) 
[info] 
=== Database Setup
[info] i  database: ensuring required API firebasedatabase.googleapis.com is enabled... 
[debug] [2022-07-08T20:43:41.402Z] >>> [apiv2][query] GET https://serviceusage.googleapis.com/v1/projects/todo-app-d5f48/services/firebasedatabase.googleapis.com [none]
[debug] [2022-07-08T20:43:41.777Z] <<< [apiv2][status] GET https://serviceusage.googleapis.com/v1/projects/todo-app-d5f48/services/firebasedatabase.googleapis.com 200
[debug] [2022-07-08T20:43:41.777Z] <<< [apiv2][body] GET https://serviceusage.googleapis.com/v1/projects/todo-app-d5f48/services/firebasedatabase.googleapis.com [omitted]
[info] +  database: required API firebasedatabase.googleapis.com is enabled 
[info] 
[debug] [2022-07-08T20:43:41.780Z] >>> [apiv2][query] GET https://firebase.googleapis.com/v1beta1/projects/todo-app-d5f48 [none]
[debug] [2022-07-08T20:43:42.104Z] <<< [apiv2][status] GET https://firebase.googleapis.com/v1beta1/projects/todo-app-d5f48 200
[debug] [2022-07-08T20:43:42.105Z] <<< [apiv2][body] GET https://firebase.googleapis.com/v1beta1/projects/todo-app-d5f48 {"projectId":"todo-app-d5f48","projectNumber":"517947731560","displayName":"todo-app","name":"projects/todo-app-d5f48","resources":{"hostingSite":"todo-app-d5f48"},"state":"ACTIVE"}
[debug] [2022-07-08T20:44:03.403Z] ----------------------------------------------------------------------
[debug] [2022-07-08T20:44:03.405Z] Command:       C:\Program Files\nodejs\node.exe C:\Users\aayus\AppData\Roaming\npm\node_modules\firebase-tools\lib\bin\firebase.js init
[debug] [2022-07-08T20:44:03.406Z] CLI Version:   11.2.1
[debug] [2022-07-08T20:44:03.406Z] Platform:      win32
[debug] [2022-07-08T20:44:03.406Z] Node Version:  v16.15.1
[debug] [2022-07-08T20:44:03.407Z] Time:          Fri Jul 08 2022 16:44:03 GMT-0400 (Eastern Daylight Saving Time)
[debug] [2022-07-08T20:44:03.407Z] ----------------------------------------------------------------------
[debug] 
[debug] [2022-07-08T20:44:03.414Z] > command requires scopes: ["email","openid","https://www.googleapis.com/auth/cloudplatformprojects.readonly","https://www.googleapis.com/auth/firebase","https://www.googleapis.com/auth/cloud-platform"]
[debug] [2022-07-08T20:44:03.414Z] > authorizing via signed-in user (aayushishah2972@gmail.com)
[info] 
     ######## #### ########  ######## ########     ###     ######  ########
     ##        ##  ##     ## ##       ##     ##  ##   ##  ##       ##
     ######    ##  ########  ######   ########  #########  ######  ######
     ##        ##  ##    ##  ##       ##     ## ##     ##       ## ##
     ##       #### ##     ## ######## ########  ##     ##  ######  ########

You're about to initialize a Firebase project in this directory:

  C:\Users\aayus\Desktop\Firebase-readapp

[info] 
=== Project Setup
[info] 
[info] First, let's associate this project directory with a Firebase project.
[info] You can create multiple project aliases by running firebase use --add, 
[info] but for now we'll just set up a default project.
[info] 
[debug] [2022-07-08T20:44:10.803Z] >>> [apiv2][query] GET https://firebase.googleapis.com/v1beta1/projects pageSize=100
[debug] [2022-07-08T20:44:11.116Z] <<< [apiv2][status] GET https://firebase.googleapis.com/v1beta1/projects 200
[debug] [2022-07-08T20:44:11.116Z] <<< [apiv2][body] GET https://firebase.googleapis.com/v1beta1/projects [omitted]
[info] i  Using project contact-app-dcb4a (contact-app) 
[info] 
=== Database Setup
[info] i  database: ensuring required API firebasedatabase.googleapis.com is enabled... 
[debug] [2022-07-08T20:44:12.357Z] >>> [apiv2][query] GET https://serviceusage.googleapis.com/v1/projects/contact-app-dcb4a/services/firebasedatabase.googleapis.com [none]
[debug] [2022-07-08T20:44:12.676Z] <<< [apiv2][status] GET https://serviceusage.googleapis.com/v1/projects/contact-app-dcb4a/services/firebasedatabase.googleapis.com 200
[debug] [2022-07-08T20:44:12.677Z] <<< [apiv2][body] GET https://serviceusage.googleapis.com/v1/projects/contact-app-dcb4a/services/firebasedatabase.googleapis.com [omitted]
[info] +  database: required API firebasedatabase.googleapis.com is enabled 
[info] 
[debug] [2022-07-08T20:44:12.677Z] >>> [apiv2][query] GET https://firebasedatabase.googleapis.com/v1beta/projects/contact-app-dcb4a/locations/-/instances/contact-app-dcb4a-default-rtdb [none]
[debug] [2022-07-08T20:44:13.123Z] <<< [apiv2][status] GET https://firebasedatabase.googleapis.com/v1beta/projects/contact-app-dcb4a/locations/-/instances/contact-app-dcb4a-default-rtdb 200
[debug] [2022-07-08T20:44:13.123Z] <<< [apiv2][body] GET https://firebasedatabase.googleapis.com/v1beta/projects/contact-app-dcb4a/locations/-/instances/contact-app-dcb4a-default-rtdb {"name":"projects/716068449753/locations/europe-west1/instances/contact-app-dcb4a-default-rtdb","project":"projects/716068449753","databaseUrl":"https://contact-app-dcb4a-default-rtdb.europe-west1.firebasedatabase.app","type":"DEFAULT_DATABASE","state":"ACTIVE"}
[info] 
[info] Firebase Realtime Database Security Rules allow you to define how your data should be
[info] structured and when your data can be read from and written to.
[info] 
[debug] [2022-07-08T20:44:39.195Z] >>> [apiv2][query] GET https://contact-app-dcb4a-default-rtdb.europe-west1.firebasedatabase.app/.settings/rules.json [none]
[debug] [2022-07-08T20:44:39.481Z] <<< [apiv2][status] GET https://contact-app-dcb4a-default-rtdb.europe-west1.firebasedatabase.app/.settings/rules.json 200
[debug] [2022-07-08T20:44:39.481Z] <<< [apiv2][body] GET https://contact-app-dcb4a-default-rtdb.europe-west1.firebasedatabase.app/.settings/rules.json [stream]
[info] +  Database Rules for contact-app-dcb4a-default-rtdb have been written to les. 
[info] Future modifications to les will update Realtime Database Security Rules when you run
[info] firebase deploy.
[info] 
=== Firestore Setup
[debug] [2022-07-08T20:44:39.486Z] >>> [apiv2][query] GET https://serviceusage.googleapis.com/v1/projects/contact-app-dcb4a/services/firestore.googleapis.com [none]
[debug] [2022-07-08T20:44:39.808Z] <<< [apiv2][status] GET https://serviceusage.googleapis.com/v1/projects/contact-app-dcb4a/services/firestore.googleapis.com 200
[debug] [2022-07-08T20:44:39.808Z] <<< [apiv2][body] GET https://serviceusage.googleapis.com/v1/projects/contact-app-dcb4a/services/firestore.googleapis.com [omitted]
[debug] [2022-07-08T20:44:39.809Z] >>> [apiv2][query] GET https://appengine.googleapis.com/v1/apps/contact-app-dcb4a [none]
[debug] [2022-07-08T20:44:40.229Z] <<< [apiv2][status] GET https://appengine.googleapis.com/v1/apps/contact-app-dcb4a 200
[debug] [2022-07-08T20:44:40.230Z] <<< [apiv2][body] GET https://appengine.googleapis.com/v1/apps/contact-app-dcb4a {"name":"apps/contact-app-dcb4a","id":"contact-app-dcb4a","authDomain":"gmail.com","locationId":"us-central","codeBucket":"staging.contact-app-dcb4a.appspot.com","servingStatus":"SERVING","defaultHostname":"contact-app-dcb4a.uc.r.appspot.com","defaultBucket":"contact-app-dcb4a.appspot.com","serviceAccount":"contact-app-dcb4a@appspot.gserviceaccount.com","gcrDomain":"us.gcr.io","databaseType":"CLOUD_FIRESTORE","featureSettings":{"splitHealthChecks":true,"useContainerOptimizedOs":true}}
[debug] [2022-07-08T20:44:40.230Z] database_type: CLOUD_FIRESTORE
[debug] [2022-07-08T20:44:40.231Z] > command requires scopes: ["email","openid","https://www.googleapis.com/auth/cloudplatformprojects.readonly","https://www.googleapis.com/auth/firebase","https://www.googleapis.com/auth/cloud-platform"]
[debug] [2022-07-08T20:44:40.231Z] > authorizing via signed-in user (aayushishah2972@gmail.com)
[debug] [2022-07-08T20:44:40.232Z] [iam] checking project contact-app-dcb4a for permissions ["firebase.projects.get"]
[debug] [2022-07-08T20:44:40.233Z] >>> [apiv2][query] POST https://cloudresourcemanager.googleapis.com/v1/projects/contact-app-dcb4a:testIamPermissions [none]
[debug] [2022-07-08T20:44:40.233Z] >>> [apiv2][body] POST https://cloudresourcemanager.googleapis.com/v1/projects/contact-app-dcb4a:testIamPermissions {"permissions":["firebase.projects.get"]}
[debug] [2022-07-08T20:44:40.496Z] <<< [apiv2][status] POST https://cloudresourcemanager.googleapis.com/v1/projects/contact-app-dcb4a:testIamPermissions 200
[debug] [2022-07-08T20:44:40.496Z] <<< [apiv2][body] POST https://cloudresourcemanager.googleapis.com/v1/projects/contact-app-dcb4a:testIamPermissions {"permissions":["firebase.projects.get"]}
[info] 
[info] Firestore Security Rules allow you to define how and when to allow
[info] requests. You can keep these rules in your project directory
[info] and publish them with firebase deploy.
[info] 
[debug] [2022-07-08T20:44:45.620Z] >>> [apiv2][query] GET https://firebaserules.googleapis.com/v1/projects/contact-app-dcb4a/releases pageSize=10&pageToken=
[debug] [2022-07-08T20:44:45.920Z] <<< [apiv2][status] GET https://firebaserules.googleapis.com/v1/projects/contact-app-dcb4a/releases 200
[debug] [2022-07-08T20:44:45.920Z] <<< [apiv2][body] GET https://firebaserules.googleapis.com/v1/projects/contact-app-dcb4a/releases {"releases":[{"name":"projects/contact-app-dcb4a/releases/cloud.firestore","rulesetName":"projects/contact-app-dcb4a/rulesets/435d8df1-c60d-4c83-9d71-d03403434196","createTime":"2022-07-08T01:16:32.969221Z","updateTime":"2022-07-08T01:16:32.969221Z"}]}
[debug] [2022-07-08T20:44:45.920Z] Found ruleset: projects/contact-app-dcb4a/rulesets/435d8df1-c60d-4c83-9d71-d03403434196
[debug] [2022-07-08T20:44:45.921Z] >>> [apiv2][query] GET https://firebaserules.googleapis.com/v1/projects/contact-app-dcb4a/rulesets/435d8df1-c60d-4c83-9d71-d03403434196 [none]
[debug] [2022-07-08T20:44:46.151Z] <<< [apiv2][status] GET https://firebaserules.googleapis.com/v1/projects/contact-app-dcb4a/rulesets/435d8df1-c60d-4c83-9d71-d03403434196 200
[debug] [2022-07-08T20:44:46.151Z] <<< [apiv2][body] GET https://firebaserules.googleapis.com/v1/projects/contact-app-dcb4a/rulesets/435d8df1-c60d-4c83-9d71-d03403434196 [omitted]
[info] 
[info] Firestore indexes allow you to perform complex queries while
[info] maintaining performance that scales with the size of the result
[info] set. You can keep index definitions in your project directory
[info] and publish them with firebase deploy.
[info] 
[debug] [2022-07-08T20:44:48.360Z] >>> [apiv2][query] GET https://firestore.googleapis.com/v1/projects/contact-app-dcb4a/databases/(default)/collectionGroups/-/indexes [none]
[debug] [2022-07-08T20:44:48.361Z] >>> [apiv2][query] GET https://firestore.googleapis.com/v1/projects/contact-app-dcb4a/databases/(default)/collectionGroups/-/fields?filter=indexConfig.usesAncestorConfig=false [none]
[debug] [2022-07-08T20:44:48.740Z] <<< [apiv2][status] GET https://firestore.googleapis.com/v1/projects/contact-app-dcb4a/databases/(default)/collectionGroups/-/fields?filter=indexConfig.usesAncestorConfig=false 200
[debug] [2022-07-08T20:44:48.740Z] <<< [apiv2][body] GET https://firestore.googleapis.com/v1/projects/contact-app-dcb4a/databases/(default)/collectionGroups/-/fields?filter=indexConfig.usesAncestorConfig=false {"fields":[{"name":"projects/contact-app-dcb4a/databases/(default)/collectionGroups/__default__/fields/*","indexConfig":{"indexes":[{"queryScope":"COLLECTION","fields":[{"fieldPath":"*","order":"ASCENDING"}],"state":"READY"},{"queryScope":"COLLECTION","fields":[{"fieldPath":"*","order":"DESCENDING"}],"state":"READY"},{"queryScope":"COLLECTION","fields":[{"fieldPath":"*","arrayConfig":"CONTAINS"}],"state":"READY"}]}}]}
[debug] [2022-07-08T20:44:48.740Z] <<< [apiv2][status] GET https://firestore.googleapis.com/v1/projects/contact-app-dcb4a/databases/(default)/collectionGroups/-/indexes 200
[debug] [2022-07-08T20:44:48.741Z] <<< [apiv2][body] GET https://firestore.googleapis.com/v1/projects/contact-app-dcb4a/databases/(default)/collectionGroups/-/indexes {}
[info] 
=== Functions Setup
[info] 
[info] A functions directory will be created in your project with sample code
[info] pre-configured. Functions can be deployed with firebase deploy.
[info] 
[debug] [2022-07-08T20:44:48.743Z] > command requires scopes: ["email","openid","https://www.googleapis.com/auth/cloudplatformprojects.readonly","https://www.googleapis.com/auth/firebase","https://www.googleapis.com/auth/cloud-platform"]
[debug] [2022-07-08T20:44:48.744Z] > authorizing via signed-in user (aayushishah2972@gmail.com)
[debug] [2022-07-08T20:44:48.744Z] [iam] checking project contact-app-dcb4a for permissions ["firebase.projects.get"]
[debug] [2022-07-08T20:44:48.744Z] >>> [apiv2][query] POST https://cloudresourcemanager.googleapis.com/v1/projects/contact-app-dcb4a:testIamPermissions [none]
[debug] [2022-07-08T20:44:48.744Z] >>> [apiv2][body] POST https://cloudresourcemanager.googleapis.com/v1/projects/contact-app-dcb4a:testIamPermissions {"permissions":["firebase.projects.get"]}
[debug] [2022-07-08T20:44:48.975Z] <<< [apiv2][status] POST https://cloudresourcemanager.googleapis.com/v1/projects/contact-app-dcb4a:testIamPermissions 200
[debug] [2022-07-08T20:44:48.975Z] <<< [apiv2][body] POST https://cloudresourcemanager.googleapis.com/v1/projects/contact-app-dcb4a:testIamPermissions {"permissions":["firebase.projects.get"]}
[debug] [2022-07-08T20:44:48.976Z] >>> [apiv2][query] GET https://serviceusage.googleapis.com/v1/projects/contact-app-dcb4a/services/cloudfunctions.googleapis.com [none]
[debug] [2022-07-08T20:44:48.978Z] >>> [apiv2][query] GET https://serviceusage.googleapis.com/v1/projects/contact-app-dcb4a/services/runtimeconfig.googleapis.com [none]
[debug] [2022-07-08T20:44:49.269Z] <<< [apiv2][status] GET https://serviceusage.googleapis.com/v1/projects/contact-app-dcb4a/services/runtimeconfig.googleapis.com 200
[debug] [2022-07-08T20:44:49.270Z] <<< [apiv2][body] GET https://serviceusage.googleapis.com/v1/projects/contact-app-dcb4a/services/runtimeconfig.googleapis.com [omitted]
[debug] [2022-07-08T20:44:49.282Z] <<< [apiv2][status] GET https://serviceusage.googleapis.com/v1/projects/contact-app-dcb4a/services/cloudfunctions.googleapis.com 200
[debug] [2022-07-08T20:44:49.282Z] <<< [apiv2][body] GET https://serviceusage.googleapis.com/v1/projects/contact-app-dcb4a/services/cloudfunctions.googleapis.com [omitted]
[info] +  Wrote functions/package.json 
[info] +  Wrote functions/index.js 
[info] +  Wrote functions/.gitignore 
[info] 
=== Hosting Setup
[info] 
[info] Your public directory is the folder (relative to your project directory) that
[info] will contain Hosting assets to be uploaded with firebase deploy. If you
[info] have a build process for your assets, use your build's output directory.
[info] 
[info] +  Wrote y/404.html 
[debug] [2022-07-08T20:46:35.902Z] >>> [apiv2][query] GET https://www.gstatic.com/firebasejs/releases.json [none]
[debug] [2022-07-08T20:46:35.987Z] <<< [apiv2][status] GET https://www.gstatic.com/firebasejs/releases.json 200
[debug] [2022-07-08T20:46:35.987Z] <<< [apiv2][body] GET https://www.gstatic.com/firebasejs/releases.json {"current":{"version":"9.9.0","browserURL":"https://www.gstatic.com/firebasejs/9.9.0/firebase.js","packageURL":"https://www.gstatic.com/firebasejs/9.9.0/firebase.tgz"},"live":{"version":"9.9","browserURL":"https://www.gstatic.com/firebasejs/live/9.9/firebase.js","packageURL":"https://www.gstatic.com/firebasejs/live/9.9/firebase.tgz"},"components":{"analytics":"https://www.gstatic.com/firebasejs/9.9.0/firebase-analytics.js","app":"https://www.gstatic.com/firebasejs/9.9.0/firebase-app.js","app-check":"https://www.gstatic.com/firebasejs/9.9.0/firebase-app-check.js","auth":"https://www.gstatic.com/firebasejs/9.9.0/firebase-auth.js","auth/cordova":"https://www.gstatic.com/firebasejs/9.9.0/firebase-auth/cordova.js","auth/react-native":"https://www.gstatic.com/firebasejs/9.9.0/firebase-auth/react-native.js","functions":"https://www.gstatic.com/firebasejs/9.9.0/firebase-functions.js","firestore":"https://www.gstatic.com/firebasejs/9.9.0/firebase-firestore.js","firestore/lite":"https://www.gstatic.com/firebasejs/9.9.0/firebase-firestore/lite.js","installations":"https://www.gstatic.com/firebasejs/9.9.0/firebase-installations.js","storage":"https://www.gstatic.com/firebasejs/9.9.0/firebase-storage.js","performance":"https://www.gstatic.com/firebasejs/9.9.0/firebase-performance.js","remote-config":"https://www.gstatic.com/firebasejs/9.9.0/firebase-remote-config.js","messaging":"https://www.gstatic.com/firebasejs/9.9.0/firebase-messaging.js","messaging/sw":"https://www.gstatic.com/firebasejs/9.9.0/firebase-messaging/sw.js","database":"https://www.gstatic.com/firebasejs/9.9.0/firebase-database.js","firestore.memory":"https://www.gstatic.com/firebasejs/9.9.0/firebase-firestore.memory.js"}}
[info] +  Wrote y/index.html 
[info] 
[info] i  Detected a .git folder at C:\Users\aayus\Desktop\Firebase-readapp 
[info] i  Authorizing with GitHub to upload your service account to a GitHub repository's secrets store. 
[info] 
[info] Visit this URL on this device to log in:
[info] https://github.com/login/oauth/authorize?client_id=89cf50f02ac6aaed3484&state=467375282&redirect_uri=http%3A%2F%2Flocalhost%3A9005&scope=read%3Auser%20repo%20public_repo
[info] 
[info] Waiting for authentication...
[debug] [2022-07-08T20:46:36.346Z] >>> [apiv2][query] POST https://github.com/login/oauth/access_token [none]
[debug] [2022-07-08T20:46:36.347Z] >>> [apiv2][body] POST https://github.com/login/oauth/access_token [stream]
[debug] [2022-07-08T20:46:36.559Z] <<< [apiv2][status] POST https://github.com/login/oauth/access_token 200
[debug] [2022-07-08T20:46:36.560Z] <<< [apiv2][body] POST https://github.com/login/oauth/access_token {"access_token":"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","token_type":"bearer","scope":"read:user,repo"}
[debug] [2022-07-08T20:46:36.567Z] >>> [apiv2][query] GET https://api.github.com/user [none]
[debug] [2022-07-08T20:46:36.784Z] <<< [apiv2][status] GET https://api.github.com/user 200
[debug] [2022-07-08T20:46:36.785Z] <<< [apiv2][body] GET https://api.github.com/user {"login":"aayushi1852","id":98124989,"node_id":"U_kgDOBdlEvQ","avatar_url":"https://avatars.githubusercontent.com/u/98124989?v=4","gravatar_id":"","url":"https://api.github.com/users/aayushi1852","html_url":"https://github.com/aayushi1852","followers_url":"https://api.github.com/users/aayushi1852/followers","following_url":"https://api.github.com/users/aayushi1852/following{/other_user}","gists_url":"https://api.github.com/users/aayushi1852/gists{/gist_id}","starred_url":"https://api.github.com/users/aayushi1852/starred{/owner}{/repo}","subscriptions_url":"https://api.github.com/users/aayushi1852/subscriptions","organizations_url":"https://api.github.com/users/aayushi1852/orgs","repos_url":"https://api.github.com/users/aayushi1852/repos","events_url":"https://api.github.com/users/aayushi1852/events{/privacy}","received_events_url":"https://api.github.com/users/aayushi1852/received_events","type":"User","site_admin":false,"name":"aayushi shah","company":null,"blog":"","location":null,"email":null,"hireable":null,"bio":null,"twitter_username":null,"public_repos":13,"public_gists":0,"followers":0,"following":0,"created_at":"2022-01-20T20:29:20Z","updated_at":"2022-07-01T19:16:59Z","private_gists":0,"total_private_repos":0,"owned_private_repos":0,"disk_usage":65649,"collaborators":0,"two_factor_authentication":false,"plan":{"name":"free","space":976562499,"collaborators":0,"private_repos":10000}}
[info] 
[info] +  Success! Logged into GitHub as aayushi1852 
[info] 
